<?xml version="1.0" encoding="UTF-8"?>
<Site BuildName="Linux-c++"
	BuildStamp="20240804-0206-Experimental"
	Name="klumpb-vm"
	Generator="ctest-3.22.1"
	CompilerName="/usr/bin/c++"
	CompilerVersion="11.4.0"
	OSName="Linux"
	Hostname="klumpb-vm"
	OSRelease="6.5.0-44-generic"
	OSVersion="#44~22.04.1-Ubuntu SMP PREEMPT_DYNAMIC Tue Jun 18 14:36:16 UTC 2"
	OSPlatform="x86_64"
	Is64Bits="1"
	VendorString="GenuineIntel"
	VendorID="Intel Corporation"
	FamilyID="6"
	ModelID="158"
	ProcessorCacheSize="6144"
	NumberOfLogicalCPU="4"
	NumberOfPhysicalCPU="4"
	TotalVirtualMemory="2139"
	TotalPhysicalMemory="12746"
	LogicalProcessorsPerPhysical="1"
	ProcessorClockFrequency="3504"
	>
	<Testing>
		<StartDateTime>Aug 03 21:07 CDT</StartDateTime>
		<StartTestTime>1722737233</StartTestTime>
		<TestList/>
		<EndDateTime>Aug 03 21:07 CDT</EndDateTime>
		<EndTestTime>1722737233</EndTestTime>
		<ElapsedMinutes>0</ElapsedMinutes>
	</Testing>
</Site>
